2020-05-18 18:51:31 - ERROR - QueryException in C:\Code\masonite\app\http\controllers\WelcomeController.py on line 36
2020-05-18 20:22:23 - ERROR - QueryException in C:\Code\masonite\app\http\controllers\WelcomeController.py on line 39
2020-05-18 21:23:48 - ERROR - FileNotFoundError in C:\Code\masonite\app\http\controllers\MapController.py on line 19
2020-05-19 18:50:20 - ERROR - QueryException in C:\Code\masonite\app\http\controllers\MapController.py on line 24
2020-05-19 18:52:46 - ERROR - SyntaxError in C:\Code\masonite\bootstrap\start.py on line 38
2020-05-19 18:53:09 - ERROR - QueryException in C:\Code\masonite\app\http\controllers\MapController.py on line 24
2020-05-19 19:04:56 - ERROR - SyntaxError in C:\Code\masonite\bootstrap\start.py on line 38
2020-05-19 19:05:20 - ERROR - ValueError in C:\Code\masonite\app\http\controllers\MapController.py on line 34
2020-05-19 19:06:12 - ERROR - ValueError in C:\Code\masonite\app\http\controllers\MapController.py on line 34
2020-05-19 19:07:19 - ERROR - ValueError in C:\Code\masonite\app\http\controllers\MapController.py on line 34
2020-05-19 19:08:40 - ERROR - ContainerError in C:\Code\masonite\bootstrap\start.py on line 38
2020-05-19 19:09:54 - ERROR - ContainerError in C:\Code\masonite\bootstrap\start.py on line 38
2020-05-19 19:12:11 - ERROR - ContainerError in C:\Code\masonite\bootstrap\start.py on line 38
2020-05-19 19:12:43 - ERROR - ValueError in C:\Code\masonite\app\http\controllers\MapController.py on line 34
2020-05-20 00:16:36 - ERROR - OperationalError in C:\Code\masonite\app\http\controllers\CountriesController.py on line 13
2020-05-20 19:41:39 - ERROR - SyntaxError in C:\Code\masonite\bootstrap\start.py on line 38
2020-05-20 19:43:17 - ERROR - KeyError in C:\Code\masonite\app\http\controllers\CountriesController.py on line 26
2020-05-20 19:47:43 - ERROR - AttributeError in C:\Code\masonite\app\http\controllers\CountriesController.py on line 27
2020-05-20 19:48:25 - ERROR - ContainerError in C:\Code\masonite\bootstrap\start.py on line 38
2020-05-20 20:14:45 - ERROR - ValueError in C:\Code\masonite\app\http\controllers\MapController.py on line 34
2020-05-20 20:16:44 - ERROR - AttributeError in C:\Code\masonite\app\http\controllers\MapController.py on line 41
2020-05-20 20:18:02 - ERROR - ContainerError in C:\Code\masonite\bootstrap\start.py on line 38
2020-05-20 20:19:49 - ERROR - ContainerError in C:\Code\masonite\bootstrap\start.py on line 38
2020-05-20 20:22:04 - ERROR - SyntaxError in C:\Code\masonite\bootstrap\start.py on line 38
2020-05-20 20:23:37 - ERROR - SyntaxError in C:\Code\masonite\bootstrap\start.py on line 38
2020-05-20 20:23:51 - ERROR - ContainerError in C:\Code\masonite\bootstrap\start.py on line 38
2020-05-20 20:29:22 - ERROR - ContainerError in C:\Code\masonite\bootstrap\start.py on line 38
2020-05-20 21:35:19 - ERROR - TemplateNotFound in C:\Code\masonite\app\http\controllers\MapController.py on line 41
2020-05-21 09:04:03 - ERROR - SyntaxError in C:\Code\masonite\bootstrap\start.py on line 38
2020-05-21 18:03:50 - ERROR - InvalidCSRFToken in C:\Code\masonite\bootstrap\start.py on line 38
2020-05-21 18:04:25 - ERROR - InvalidCSRFToken in C:\Code\masonite\bootstrap\start.py on line 38
2020-05-21 18:04:39 - ERROR - TemplateSyntaxError in C:\Code\masonite\resources\templates\Covid-19\worldStats.html on line 70
2020-05-21 18:05:22 - ERROR - SyntaxError in C:\Code\masonite\bootstrap\start.py on line 38
2020-05-21 18:05:36 - ERROR - AttributeError in C:\Code\masonite\bootstrap\start.py on line 38
2020-05-21 18:07:06 - ERROR - KeyError in C:\Code\masonite\app\http\controllers\CountriesController.py on line 27
2020-05-21 18:13:06 - ERROR - AttributeError in C:\Code\masonite\app\http\controllers\CountriesController.py on line 27
2020-05-21 18:13:48 - ERROR - AttributeError in C:\Code\masonite\app\http\controllers\CountriesController.py on line 27
2020-05-21 18:18:15 - ERROR - AttributeError in C:\Code\masonite\app\http\controllers\CountriesController.py on line 27
2020-05-21 18:18:44 - ERROR - KeyError in C:\Code\masonite\app\http\controllers\CountriesController.py on line 27
2020-05-21 18:27:44 - ERROR - AttributeError in C:\Code\masonite\app\http\controllers\CountriesController.py on line 27
2020-05-21 18:34:56 - ERROR - AttributeError in C:\Code\masonite\app\http\controllers\CountriesController.py on line 27
2020-05-21 18:35:05 - ERROR - AttributeError in C:\Code\masonite\app\http\controllers\CountriesController.py on line 27
2020-05-21 18:36:32 - ERROR - AttributeError in C:\Code\masonite\app\http\controllers\CountriesController.py on line 27
2020-05-21 18:37:43 - ERROR - AttributeError in C:\Code\masonite\app\http\controllers\CountriesController.py on line 29
2020-05-21 18:38:19 - ERROR - TemplateNotFound in C:\Code\masonite\app\http\controllers\CountriesController.py on line 29
2020-05-21 18:50:05 - ERROR - ValueError in C:\Code\masonite\storage\public\sorting.py on line 38
2020-05-21 18:59:05 - ERROR - ValueError in C:\Code\masonite\storage\public\sorting.py on line 38
2020-05-21 19:00:28 - ERROR - KeyError in C:\Code\masonite\app\http\controllers\CountriesController.py on line 28
2020-05-21 19:01:05 - ERROR - KeyError in C:\Code\masonite\app\http\controllers\CountriesController.py on line 28
2020-05-21 19:01:14 - ERROR - ContainerError in C:\Code\masonite\bootstrap\start.py on line 38
2020-05-21 19:08:35 - ERROR - SyntaxError in C:\Code\masonite\bootstrap\start.py on line 38
2020-05-21 19:09:35 - ERROR - ValueError in c:\program files (x86)\python38-32\lib\ipaddress.py on line 53
2020-05-21 19:09:47 - ERROR - ValueError in c:\program files (x86)\python38-32\lib\ipaddress.py on line 53
2020-05-21 22:06:15 - ERROR - KeyError in C:\Code\masonite\app\http\controllers\CountriesController.py on line 28
2020-05-21 22:06:45 - ERROR - KeyError in C:\Code\masonite\app\http\controllers\CountriesController.py on line 28
2020-05-21 22:07:01 - ERROR - KeyError in C:\Code\masonite\app\http\controllers\CountriesController.py on line 28
2020-05-21 22:07:29 - ERROR - KeyError in C:\Code\masonite\app\http\controllers\CountriesController.py on line 28
